<?xml version="1.0" encoding="UTF-8"?>
<robot generator="Robot 5.0 (Python 3.10.4 on darwin)" generated="20220504 14:18:09.468" rpa="false" schemaversion="3">
<suite id="s1" name="validLogin" source="/Users/archananagaraja/code/webAutomationCodeChallenge/tests/loginTests/validLogin.robot">
<test id="s1-t1" name="Web Automation Code Challenge: Step1: Go to https://www.libreview.com/" line="7">
<kw name="Open Browser" library="SeleniumLibrary">
<arg>${LOGIN_URL}</arg>
<arg>${BROWSER}</arg>
<doc>Opens a new browser instance to the optional ``url``.</doc>
<msg timestamp="20220504 14:18:10.056" level="INFO">Opening browser 'chrome' to base url 'https://www.libreview.com/'.</msg>
<status status="PASS" starttime="20220504 14:18:10.055" endtime="20220504 14:18:13.810"/>
</kw>
<kw name="Maximize Browser Window" library="SeleniumLibrary">
<doc>Maximizes current browser window.</doc>
<status status="PASS" starttime="20220504 14:18:13.811" endtime="20220504 14:18:13.956"/>
</kw>
<kw name="Page Should Contain Element" library="SeleniumLibrary">
<arg>id:consent-banner</arg>
<doc>Verifies that element ``locator`` is found on the current page.</doc>
<msg timestamp="20220504 14:18:13.976" level="INFO">Current page contains element 'id:consent-banner'.</msg>
<status status="PASS" starttime="20220504 14:18:13.957" endtime="20220504 14:18:13.976"/>
</kw>
<kw name="Page Should Contain Element" library="SeleniumLibrary">
<arg>id:truste-consent-buttons</arg>
<doc>Verifies that element ``locator`` is found on the current page.</doc>
<msg timestamp="20220504 14:18:13.996" level="INFO">Current page contains element 'id:truste-consent-buttons'.</msg>
<status status="PASS" starttime="20220504 14:18:13.976" endtime="20220504 14:18:13.997"/>
</kw>
<kw name="Page Should Contain Element" library="SeleniumLibrary">
<arg>id:truste-consent-button</arg>
<doc>Verifies that element ``locator`` is found on the current page.</doc>
<msg timestamp="20220504 14:18:14.015" level="INFO">Current page contains element 'id:truste-consent-button'.</msg>
<status status="PASS" starttime="20220504 14:18:13.997" endtime="20220504 14:18:14.015"/>
</kw>
<kw name="Click Element" library="SeleniumLibrary">
<arg>id:truste-consent-close</arg>
<doc>Click the element identified by ``locator``.</doc>
<msg timestamp="20220504 14:18:14.017" level="INFO">Clicking element 'id:truste-consent-close'.</msg>
<status status="PASS" starttime="20220504 14:18:14.016" endtime="20220504 14:18:15.078"/>
</kw>
<kw name="Set Selenium Speed" library="SeleniumLibrary">
<arg>${DELAY}</arg>
<doc>Sets the delay that is waited after each Selenium command.</doc>
<status status="PASS" starttime="20220504 14:18:15.078" endtime="20220504 14:18:15.079"/>
</kw>
<kw name="Title Should Be" library="SeleniumLibrary">
<arg>LibreView</arg>
<doc>Verifies that the current page title equals ``title``.</doc>
<msg timestamp="20220504 14:18:16.106" level="INFO">Page title is 'LibreView'.</msg>
<status status="PASS" starttime="20220504 14:18:15.080" endtime="20220504 14:18:16.106"/>
</kw>
<kw name="Location Should Be" library="SeleniumLibrary">
<arg>${COUNTRY_SELECTION_URL}</arg>
<doc>Verifies that the current URL is exactly ``url``.</doc>
<msg timestamp="20220504 14:18:17.119" level="INFO">Current location is 'https://www.libreview.com/chooseCountryLanguage'.</msg>
<status status="PASS" starttime="20220504 14:18:16.107" endtime="20220504 14:18:17.120"/>
</kw>
<status status="PASS" starttime="20220504 14:18:10.054" endtime="20220504 14:18:17.120"/>
</test>
<test id="s1-t2" name="Step2: Select Country/Region of Residence,Language and click Submit to continue" line="18">
<kw name="Select From List By Label" library="SeleniumLibrary">
<arg>id:country-select</arg>
<arg>${COUNTRY_SELECTION}</arg>
<doc>Selects options from selection list ``locator`` by ``labels``.</doc>
<msg timestamp="20220504 14:18:17.123" level="INFO">Selecting options from selection list 'id:country-select' by label United States.</msg>
<status status="PASS" starttime="20220504 14:18:17.123" endtime="20220504 14:18:24.335"/>
</kw>
<kw name="Select From List By Label" library="SeleniumLibrary">
<arg>id:language-select</arg>
<arg>${LANGUAGE_SELECTION}</arg>
<doc>Selects options from selection list ``locator`` by ``labels``.</doc>
<msg timestamp="20220504 14:18:24.336" level="INFO">Selecting options from selection list 'id:language-select' by label English.</msg>
<status status="PASS" starttime="20220504 14:18:24.335" endtime="20220504 14:18:30.430"/>
</kw>
<kw name="Click Button" library="SeleniumLibrary">
<arg>id:submit-button</arg>
<doc>Clicks the button identified by ``locator``.</doc>
<msg timestamp="20220504 14:18:30.431" level="INFO">Clicking button 'id:submit-button'.</msg>
<status status="PASS" starttime="20220504 14:18:30.431" endtime="20220504 14:18:35.630"/>
</kw>
<kw name="Set Selenium Speed" library="SeleniumLibrary">
<arg>${DELAY}</arg>
<doc>Sets the delay that is waited after each Selenium command.</doc>
<status status="PASS" starttime="20220504 14:18:35.630" endtime="20220504 14:18:35.631"/>
</kw>
<kw name="Title Should Be" library="SeleniumLibrary">
<arg>LibreView</arg>
<doc>Verifies that the current page title equals ``title``.</doc>
<msg timestamp="20220504 14:18:36.643" level="INFO">Page title is 'LibreView'.</msg>
<status status="PASS" starttime="20220504 14:18:35.631" endtime="20220504 14:18:36.643"/>
</kw>
<kw name="Location Should Be" library="SeleniumLibrary">
<arg>${LOGIN_URL}</arg>
<doc>Verifies that the current URL is exactly ``url``.</doc>
<msg timestamp="20220504 14:18:37.661" level="INFO">Current location is 'https://www.libreview.com/'.</msg>
<status status="PASS" starttime="20220504 14:18:36.644" endtime="20220504 14:18:37.661"/>
</kw>
<status status="PASS" starttime="20220504 14:18:17.121" endtime="20220504 14:18:37.662"/>
</test>
<test id="s1-t3" name="Step3: Type below username and password and click Log In to continue" line="26">
<kw name="Page Should Contain Element" library="SeleniumLibrary">
<arg>id:login-title-text</arg>
<doc>Verifies that element ``locator`` is found on the current page.</doc>
<msg timestamp="20220504 14:18:38.687" level="INFO">Current page contains element 'id:login-title-text'.</msg>
<status status="PASS" starttime="20220504 14:18:37.666" endtime="20220504 14:18:38.687"/>
</kw>
<kw name="Page Should Contain Element" library="SeleniumLibrary">
<arg>id:loginForm-email-input</arg>
<doc>Verifies that element ``locator`` is found on the current page.</doc>
<msg timestamp="20220504 14:18:39.707" level="INFO">Current page contains element 'id:loginForm-email-input'.</msg>
<status status="PASS" starttime="20220504 14:18:38.687" endtime="20220504 14:18:39.707"/>
</kw>
<kw name="Input Text" library="SeleniumLibrary">
<arg>id:loginForm-email-input</arg>
<arg>${VALID_USERNAME}</arg>
<doc>Types the given ``text`` into the text field identified by ``locator``.</doc>
<msg timestamp="20220504 14:18:39.708" level="INFO">Typing text 'codechallengeadc@outlook.com' into text field 'id:loginForm-email-input'.</msg>
<status status="PASS" starttime="20220504 14:18:39.707" endtime="20220504 14:18:42.991"/>
</kw>
<kw name="Page Should Contain Element" library="SeleniumLibrary">
<arg>id:loginForm-password-input</arg>
<doc>Verifies that element ``locator`` is found on the current page.</doc>
<msg timestamp="20220504 14:18:44.017" level="INFO">Current page contains element 'id:loginForm-password-input'.</msg>
<status status="PASS" starttime="20220504 14:18:42.991" endtime="20220504 14:18:44.017"/>
</kw>
<kw name="Input Password" library="SeleniumLibrary">
<arg>id:loginForm-password-input</arg>
<arg>${PASSWORD}</arg>
<doc>Types the given password into the text field identified by ``locator``.</doc>
<msg timestamp="20220504 14:18:44.019" level="INFO">Typing password into text field 'id:loginForm-password-input'.</msg>
<msg timestamp="20220504 14:18:46.079" level="INFO">Temporally setting log level to: NONE</msg>
<msg timestamp="20220504 14:18:47.196" level="INFO">Log level changed from NONE to INFO.</msg>
<status status="PASS" starttime="20220504 14:18:44.018" endtime="20220504 14:18:47.196"/>
</kw>
<kw name="Page Should Contain Element" library="SeleniumLibrary">
<arg>id:loginForm-submit-button</arg>
<doc>Verifies that element ``locator`` is found on the current page.</doc>
<msg timestamp="20220504 14:18:48.219" level="INFO">Current page contains element 'id:loginForm-submit-button'.</msg>
<status status="PASS" starttime="20220504 14:18:47.196" endtime="20220504 14:18:48.219"/>
</kw>
<kw name="Click Button" library="SeleniumLibrary">
<arg>id:loginForm-submit-button</arg>
<doc>Clicks the button identified by ``locator``.</doc>
<msg timestamp="20220504 14:18:48.220" level="INFO">Clicking button 'id:loginForm-submit-button'.</msg>
<status status="PASS" starttime="20220504 14:18:48.220" endtime="20220504 14:18:53.509"/>
</kw>
<kw name="Set Selenium Speed" library="SeleniumLibrary">
<arg>${DELAY}</arg>
<doc>Sets the delay that is waited after each Selenium command.</doc>
<status status="PASS" starttime="20220504 14:18:53.509" endtime="20220504 14:18:53.510"/>
</kw>
<kw name="Title Should Be" library="SeleniumLibrary">
<arg>LibreView</arg>
<doc>Verifies that the current page title equals ``title``.</doc>
<msg timestamp="20220504 14:18:54.520" level="INFO">Page title is 'LibreView'.</msg>
<status status="PASS" starttime="20220504 14:18:53.510" endtime="20220504 14:18:54.521"/>
</kw>
<kw name="Location Should Be" library="SeleniumLibrary">
<arg>${VERIFY_IDENTITY_URL}</arg>
<doc>Verifies that the current URL is exactly ``url``.</doc>
<msg timestamp="20220504 14:18:55.533" level="INFO">Current location is 'https://www.libreview.com/auth/finishlogin'.</msg>
<status status="PASS" starttime="20220504 14:18:54.521" endtime="20220504 14:18:55.533"/>
</kw>
<status status="PASS" starttime="20220504 14:18:37.664" endtime="20220504 14:18:55.533"/>
</test>
<test id="s1-t4" name="Step4: On 2FA page, click button Send Code." line="38">
<kw name="Page Should Contain Element" library="SeleniumLibrary">
<arg>id:wizardCard-header-text</arg>
<doc>Verifies that element ``locator`` is found on the current page.</doc>
<msg timestamp="20220504 14:18:56.556" level="INFO">Current page contains element 'id:wizardCard-header-text'.</msg>
<status status="PASS" starttime="20220504 14:18:55.535" endtime="20220504 14:18:56.556"/>
</kw>
<kw name="Page Should Contain Element" library="SeleniumLibrary">
<arg>id:twoFactor-step1-next-button</arg>
<doc>Verifies that element ``locator`` is found on the current page.</doc>
<msg timestamp="20220504 14:18:57.577" level="INFO">Current page contains element 'id:twoFactor-step1-next-button'.</msg>
<status status="PASS" starttime="20220504 14:18:56.557" endtime="20220504 14:18:57.577"/>
</kw>
<kw name="Click Button" library="SeleniumLibrary">
<arg>id:twoFactor-step1-next-button</arg>
<doc>Clicks the button identified by ``locator``.</doc>
<msg timestamp="20220504 14:18:57.578" level="INFO">Clicking button 'id:twoFactor-step1-next-button'.</msg>
<status status="PASS" starttime="20220504 14:18:57.577" endtime="20220504 14:19:02.728"/>
</kw>
<kw name="Set Selenium Speed" library="SeleniumLibrary">
<arg>${DELAY}</arg>
<doc>Sets the delay that is waited after each Selenium command.</doc>
<status status="PASS" starttime="20220504 14:19:02.729" endtime="20220504 14:19:02.730"/>
</kw>
<status status="PASS" starttime="20220504 14:18:55.534" endtime="20220504 14:19:02.730"/>
</test>
<test id="s1-t5" name="Step5: Verify button &quot;Verify and Log in” should be disabled" line="43">
<kw name="Log Title" library="SeleniumLibrary">
<doc>Logs and returns the title of the current page.</doc>
<msg timestamp="20220504 14:19:03.748" level="INFO">LibreView</msg>
<status status="PASS" starttime="20220504 14:19:02.733" endtime="20220504 14:19:03.748"/>
</kw>
<kw name="Page Should Contain Element" library="SeleniumLibrary">
<arg>id:twoFactor-step2-next-button</arg>
<doc>Verifies that element ``locator`` is found on the current page.</doc>
<msg timestamp="20220504 14:19:04.769" level="INFO">Current page contains element 'id:twoFactor-step2-next-button'.</msg>
<status status="PASS" starttime="20220504 14:19:03.748" endtime="20220504 14:19:04.769"/>
</kw>
<kw name="Element Should Be Disabled" library="SeleniumLibrary">
<arg>id:twoFactor-step2-next-button</arg>
<doc>Verifies that element identified by ``locator`` is disabled.</doc>
<status status="PASS" starttime="20220504 14:19:04.770" endtime="20220504 14:19:06.803"/>
</kw>
<kw name="Close Browser" library="SeleniumLibrary" type="TEARDOWN">
<doc>Closes the current browser.</doc>
<status status="PASS" starttime="20220504 14:19:06.804" endtime="20220504 14:19:07.882"/>
</kw>
<status status="PASS" starttime="20220504 14:19:02.731" endtime="20220504 14:19:07.882"/>
</test>
<status status="PASS" starttime="20220504 14:18:09.471" endtime="20220504 14:19:07.886"/>
</suite>
<statistics>
<total>
<stat pass="5" fail="0" skip="0">All Tests</stat>
</total>
<tag>
</tag>
<suite>
<stat pass="5" fail="0" skip="0" id="s1" name="validLogin">validLogin</stat>
</suite>
</statistics>
<errors>
</errors>
</robot>
