<?xml version="1.0" encoding="UTF-8"?>
<robot generator="Robot 5.0 (Python 3.10.4 on darwin)" generated="20220503 23:42:36.761" rpa="false" schemaversion="3">
<suite id="s1" name="initialSetup" source="/Users/archananagaraja/Desktop/webAutomationCodeChallenge/tests/initialSetup.robot">
<test id="s1-t1" name="Launch Browser - Google Page" line="8">
<kw name="Open Browser" library="SeleniumLibrary">
<arg>https://www.google.com</arg>
<arg>chrome</arg>
<doc>Opens a new browser instance to the optional ``url``.</doc>
<msg timestamp="20220503 23:42:37.041" level="INFO">Opening browser 'chrome' to base url 'https://www.google.com'.</msg>
<status status="PASS" starttime="20220503 23:42:37.040" endtime="20220503 23:42:40.793"/>
</kw>
<kw name="Close Browser" library="SeleniumLibrary" type="TEARDOWN">
<doc>Closes the current browser.</doc>
<status status="PASS" starttime="20220503 23:42:40.795" endtime="20220503 23:42:40.942"/>
</kw>
<status status="PASS" starttime="20220503 23:42:37.039" endtime="20220503 23:42:40.942"/>
</test>
<status status="PASS" starttime="20220503 23:42:36.764" endtime="20220503 23:42:40.943"/>
</suite>
<statistics>
<total>
<stat pass="1" fail="0" skip="0">All Tests</stat>
</total>
<tag>
</tag>
<suite>
<stat pass="1" fail="0" skip="0" id="s1" name="initialSetup">initialSetup</stat>
</suite>
</statistics>
<errors>
</errors>
</robot>
